0 info it worked if it ends with ok
1 verbose cli [ 'C:\\Program Files\\nodejs\\node.exe',
1 verbose cli   'C:\\Users\\shanshan\\AppData\\Roaming\\npm\\node_modules\\cnpm\\node_modules\\npm\\bin\\npm-cli.js',
1 verbose cli   '--userconfig=C:\\Users\\shanshan\\.cnpmrc',
1 verbose cli   '--disturl=https://npm.taobao.org/mirrors/node',
1 verbose cli   '--registry=https://registry.npm.taobao.org',
1 verbose cli   'uninstall',
1 verbose cli   'antd-mobile' ]
2 info using npm@3.10.10
3 info using node@v7.0.0
4 silly loadCurrentTree Starting
5 silly install loadCurrentTree
6 silly install readLocalPackageData
7 silly install normalizeTree
8 silly loadCurrentTree Finishing
9 silly loadIdealTree Starting
10 silly install loadIdealTree
11 silly cloneCurrentTree Starting
12 silly install cloneCurrentTreeToIdealTree
13 verbose stack RangeError: Maximum call stack size exceeded
13 verbose stack     at copyModuleList (C:\Users\shanshan\AppData\Roaming\npm\node_modules\cnpm\node_modules\npm\lib\install\copy-tree.js:21:13)
13 verbose stack     at copyTree (C:\Users\shanshan\AppData\Roaming\npm\node_modules\cnpm\node_modules\npm\lib\install\copy-tree.js:10:3)
13 verbose stack     at C:\Users\shanshan\AppData\Roaming\npm\node_modules\cnpm\node_modules\npm\lib\install\copy-tree.js:22:18
13 verbose stack     at Array.forEach (native)
13 verbose stack     at copyModuleList (C:\Users\shanshan\AppData\Roaming\npm\node_modules\cnpm\node_modules\npm\lib\install\copy-tree.js:21:13)
13 verbose stack     at copyTree (C:\Users\shanshan\AppData\Roaming\npm\node_modules\cnpm\node_modules\npm\lib\install\copy-tree.js:15:3)
13 verbose stack     at C:\Users\shanshan\AppData\Roaming\npm\node_modules\cnpm\node_modules\npm\lib\install\copy-tree.js:22:18
13 verbose stack     at Array.forEach (native)
13 verbose stack     at copyModuleList (C:\Users\shanshan\AppData\Roaming\npm\node_modules\cnpm\node_modules\npm\lib\install\copy-tree.js:21:13)
13 verbose stack     at copyTree (C:\Users\shanshan\AppData\Roaming\npm\node_modules\cnpm\node_modules\npm\lib\install\copy-tree.js:10:3)
14 verbose cwd C:\Users\shanshan\Desktop\jw-components-mobile-demo
15 error Windows_NT 10.0.15063
16 error argv "C:\\Program Files\\nodejs\\node.exe" "C:\\Users\\shanshan\\AppData\\Roaming\\npm\\node_modules\\cnpm\\node_modules\\npm\\bin\\npm-cli.js" "--userconfig=C:\\Users\\shanshan\\.cnpmrc" "--disturl=https://npm.taobao.org/mirrors/node" "--registry=https://registry.npm.taobao.org" "uninstall" "antd-mobile"
17 error node v7.0.0
18 error npm  v3.10.10
19 error Maximum call stack size exceeded
20 error If you need help, you may report this error at:
20 error     <https://github.com/npm/npm/issues>
21 verbose exit [ 1, true ]
